\BOOKMARK [1][-]{section.0.1}{Introduction}{}% 1
\BOOKMARK [1][-]{section.0.2}{Mat\351riel et M\351thode}{}% 2
\BOOKMARK [2][-]{subsection.0.2.1}{Mat\351riel: AR Drone 2.0}{section.0.2}% 3
\BOOKMARK [1][-]{section.0.3}{Hypoth\350se de travail}{}% 4
\BOOKMARK [1][-]{section.0.4}{Pr\351sentation vulgaris\351e du travail}{}% 5
\BOOKMARK [2][-]{subsection.0.4.1}{Premiers pas avec le drone}{section.0.4}% 6
\BOOKMARK [2][-]{subsection.0.4.2}{Prise de contr\364le du drone}{section.0.4}% 7
\BOOKMARK [2][-]{subsection.0.4.3}{Injection de commandes}{section.0.4}% 8
\BOOKMARK [2][-]{subsection.0.4.4}{Virus sur le drone}{section.0.4}% 9
\BOOKMARK [2][-]{subsection.0.4.5}{Conclusion}{section.0.4}% 10
\BOOKMARK [1][-]{section.0.5}{Pr\351sentation scientifique du travail}{}% 11
\BOOKMARK [2][-]{subsection.0.5.1}{Introduction}{section.0.5}% 12
\BOOKMARK [2][-]{subsection.0.5.2}{Premier pas avec le drone}{section.0.5}% 13
\BOOKMARK [2][-]{subsection.0.5.3}{Prise de contr\364le du drone par d\351sauthentification du client}{section.0.5}% 14
\BOOKMARK [2][-]{subsection.0.5.4}{Injection de commandes}{section.0.5}% 15
\BOOKMARK [2][-]{subsection.0.5.5}{Exploitation d'une connexion Telnet}{section.0.5}% 16
\BOOKMARK [1][-]{section.0.6}{Tutoriel}{}% 17
\BOOKMARK [2][-]{subsection.0.6.1}{Initialisation de l'application}{section.0.6}% 18
\BOOKMARK [2][-]{subsection.0.6.2}{Menu principal}{section.0.6}% 19
\BOOKMARK [2][-]{subsection.0.6.3}{Prise de contr\364le du drone}{section.0.6}% 20
\BOOKMARK [2][-]{subsection.0.6.4}{Injection de commandes}{section.0.6}% 21
\BOOKMARK [2][-]{subsection.0.6.5}{D\351pose de virus sur le drone}{section.0.6}% 22
\BOOKMARK [1][-]{section.0.7}{S\351curisation du drone}{}% 23
\BOOKMARK [2][-]{subsection.0.7.1}{S\351curisation via le Wifi}{section.0.7}% 24
\BOOKMARK [2][-]{subsection.0.7.2}{Renforcement du num\351ro de s\351quence}{section.0.7}% 25
\BOOKMARK [2][-]{subsection.0.7.3}{Connexion \340 distance}{section.0.7}% 26
\BOOKMARK [1][-]{section.0.8}{Conclusion}{}% 27
